\BOOKMARK [0][-]{chapter.1}{\376\377\000I\000N\000T\000R\000O\000D\000U\000C\000C\000I\000\323\000N}{}% 1
\BOOKMARK [0][-]{chapter.2}{\376\377\000P\000R\000O\000B\000L\000E\000M\000A}{}% 2
\BOOKMARK [1][-]{section.2.1}{\376\377\000P\000L\000A\000N\000T\000E\000A\000M\000I\000E\000N\000T\000O\000\040\000D\000E\000L\000\040\000P\000R\000O\000B\000L\000E\000M\000A}{chapter.2}% 3
\BOOKMARK [1][-]{section.2.2}{\376\377\000F\000O\000R\000M\000U\000L\000A\000C\000I\000\323\000N\000\040\000D\000E\000L\000\040\000P\000R\000O\000B\000L\000E\000M\000A}{chapter.2}% 4
\BOOKMARK [0][-]{chapter.3}{\376\377\000O\000B\000J\000E\000T\000I\000V\000O\000S}{}% 5
\BOOKMARK [1][-]{section.3.1}{\376\377\000O\000B\000J\000E\000T\000I\000V\000O\000\040\000G\000E\000N\000E\000R\000A\000L}{chapter.3}% 6
\BOOKMARK [1][-]{section.3.2}{\376\377\000O\000B\000J\000E\000T\000I\000V\000O\000S\000\040\000E\000S\000P\000E\000C\000\315\000F\000I\000C\000O\000S}{chapter.3}% 7
\BOOKMARK [0][-]{chapter.4}{\376\377\000H\000I\000P\000\323\000T\000E\000S\000I\000S}{}% 8
\BOOKMARK [0][-]{chapter.5}{\376\377\000J\000U\000S\000T\000I\000F\000I\000C\000A\000C\000I\000\323\000N}{}% 9
\BOOKMARK [1][-]{section.5.1}{\376\377\000J\000U\000S\000T\000I\000F\000I\000C\000A\000C\000I\000\323\000N\000\040\000E\000C\000O\000N\000\323\000M\000I\000C\000A}{chapter.5}% 10
\BOOKMARK [1][-]{section.5.2}{\376\377\000J\000U\000S\000T\000I\000F\000I\000C\000A\000C\000I\000\323\000N\000\040\000S\000O\000C\000I\000A\000L}{chapter.5}% 11
\BOOKMARK [1][-]{section.5.3}{\376\377\000J\000U\000S\000T\000I\000F\000I\000C\000A\000C\000I\000\323\000N\000\040\000C\000I\000E\000N\000T\000\315\000F\000I\000C\000A}{chapter.5}% 12
\BOOKMARK [0][-]{chapter.6}{\376\377\000A\000L\000C\000A\000N\000C\000E\000S\000\040\000Y\000\040\000L\000I\000M\000I\000T\000E\000S}{}% 13
\BOOKMARK [1][-]{section.6.1}{\376\377\000A\000L\000C\000A\000N\000C\000E\000S}{chapter.6}% 14
\BOOKMARK [0][-]{chapter.7}{\376\377\000M\000E\000T\000O\000D\000O\000L\000O\000G\000\315\000A}{}% 15
\BOOKMARK [0][-]{chapter.8}{\376\377\000M\000A\000R\000C\000O\000\040\000T\000E\000\323\000R\000I\000C\000O}{}% 16
\BOOKMARK [1][-]{section.8.1}{\376\377\000N\000\332\000M\000E\000R\000O\000S\000\040\000E\000N\000T\000E\000R\000O\000S}{chapter.8}% 17
\BOOKMARK [1][-]{section.8.2}{\376\377\000D\000I\000V\000I\000S\000I\000B\000I\000L\000I\000D\000A\000D}{chapter.8}% 18
\BOOKMARK [1][-]{section.8.3}{\376\377\000A\000L\000G\000O\000R\000I\000T\000M\000O\000\040\000D\000E\000\040\000E\000U\000C\000L\000I\000D\000E\000S}{chapter.8}% 19
\BOOKMARK [1][-]{section.8.4}{\376\377\000A\000L\000G\000O\000R\000I\000T\000M\000O\000\040\000E\000X\000T\000E\000N\000D\000I\000D\000O\000\040\000D\000E\000\040\000E\000U\000C\000L\000I\000D\000E\000S}{chapter.8}% 20
\BOOKMARK [1][-]{section.8.5}{\376\377\000N\000\332\000M\000E\000R\000O\000S\000\040\000P\000R\000I\000M\000O\000S}{chapter.8}% 21
\BOOKMARK [1][-]{section.8.6}{\376\377\000T\000E\000O\000R\000E\000M\000A\000\040\000F\000U\000N\000D\000A\000M\000E\000N\000T\000A\000L\000\040\000D\000E\000\040\000L\000A\000\040\000A\000R\000I\000T\000M\000\311\000T\000I\000C\000A}{chapter.8}% 22
\BOOKMARK [1][-]{section.8.7}{\376\377\000C\000O\000N\000G\000R\000U\000E\000N\000C\000I\000A}{chapter.8}% 23
\BOOKMARK [1][-]{section.8.8}{\376\377\000D\000I\000V\000I\000S\000I\000O\000N\000E\000S\000\040\000S\000U\000C\000E\000S\000I\000V\000A\000S}{chapter.8}% 24
\BOOKMARK [1][-]{section.8.9}{\376\377\000M\000\311\000T\000O\000D\000O\000\040\000D\000E\000\040\000D\000I\000F\000E\000R\000E\000N\000C\000I\000A\000\040\000D\000E\000\040\000C\000U\000A\000D\000R\000A\000D\000O\000S\000\040\000D\000E\000\040\000F\000E\000R\000M\000A\000T}{chapter.8}% 25
\BOOKMARK [1][-]{section.8.10}{\376\377\000A\000L\000G\000O\000R\000I\000T\000M\000O\000\040\000D\000E\000\040\000F\000A\000C\000T\000O\000R\000I\000Z\000A\000C\000I\000\323\000N\000\040\000E\000N\000\040\000U\000N\000A\000\040\000L\000\315\000N\000E\000A\000\040\000D\000E\000\040\000H\000A\000R\000T}{chapter.8}% 26
\BOOKMARK [1][-]{section.8.11}{\376\377\000V\000A\000R\000I\000A\000C\000I\000\323\000N\000\040\000D\000E\000\040\000F\000E\000R\000M\000A\000T\000\040\000D\000E\000\040\000L\000E\000H\000M\000E\000R\000S}{chapter.8}% 27
\BOOKMARK [1][-]{section.8.12}{\376\377\000M\000\311\000T\000O\000D\000O\000\040\000D\000E\000\040\000P\000O\000L\000L\000A\000R\000D\000\040\000R\000H\000O}{chapter.8}% 28
\BOOKMARK [0][-]{chapter.9}{\376\377\000C\000R\000O\000N\000O\000G\000R\000A\000M\000A}{}% 29
\BOOKMARK [0][-]{chapter.10}{\376\377\000I\000N\000D\000I\000C\000E\000\040\000T\000E\000N\000T\000A\000T\000I\000V\000O}{}% 30
\BOOKMARK [0][-]{chapter.11}{\376\377\000B\000I\000B\000L\000I\000O\000G\000R\000A\000F\000I\000A}{}% 31
\BOOKMARK [0][-]{chapter.12}{\376\377\000A\000N\000E\000X\000O\000S}{}% 32
\BOOKMARK [1][-]{section.12.1}{\376\377\000A\000N\000E\000X\000O\000\040\000A\000\040\000-\000\040\000A\000R\000B\000O\000L\000\040\000d\000e\000\040\000P\000R\000O\000B\000L\000E\000M\000A}{chapter.12}% 33
