\BOOKMARK [0][-]{chapter.1}{\376\377\000A\000N\000T\000E\000C\000E\000D\000E\000N\000T\000E\000S\000\040\000G\000E\000N\000E\000R\000A\000L\000E\000S\000\040\000O\000\040\000M\000A\000R\000C\000O\000\040\000R\000E\000F\000E\000R\000E\000N\000C\000I\000A\000L}{}% 1
\BOOKMARK [1][-]{section.1.1}{\376\377\000I\000N\000T\000R\000O\000D\000U\000C\000C\000I\000\323\000N}{chapter.1}% 2
\BOOKMARK [1][-]{section.1.2}{\376\377\000P\000R\000O\000B\000L\000E\000M\000A}{chapter.1}% 3
\BOOKMARK [2][-]{subsection.1.2.1}{\376\377\000A\000N\000T\000E\000C\000E\000D\000E\000N\000T\000E\000S}{section.1.2}% 4
\BOOKMARK [2][-]{subsection.1.2.2}{\376\377\000P\000L\000A\000N\000T\000E\000A\000M\000I\000E\000N\000T\000O\000\040\000D\000E\000L\000\040\000P\000R\000O\000B\000L\000E\000M\000A}{section.1.2}% 5
\BOOKMARK [2][-]{subsection.1.2.3}{\376\377\000F\000O\000R\000M\000U\000L\000A\000C\000I\000\323\000N\000\040\000D\000E\000L\000\040\000P\000R\000O\000B\000L\000E\000M\000A}{section.1.2}% 6
\BOOKMARK [1][-]{section.1.3}{\376\377\000O\000B\000J\000E\000T\000I\000V\000O\000S}{chapter.1}% 7
\BOOKMARK [2][-]{subsection.1.3.1}{\376\377\000O\000B\000J\000E\000T\000I\000V\000O\000\040\000G\000E\000N\000E\000R\000A\000L}{section.1.3}% 8
\BOOKMARK [2][-]{subsection.1.3.2}{\376\377\000O\000B\000J\000E\000T\000I\000V\000O\000S\000\040\000E\000S\000P\000E\000C\000\315\000F\000I\000C\000O\000S}{section.1.3}% 9
\BOOKMARK [1][-]{section.1.4}{\376\377\000H\000I\000P\000\323\000T\000E\000S\000I\000S}{chapter.1}% 10
\BOOKMARK [1][-]{section.1.5}{\376\377\000J\000U\000S\000T\000I\000F\000I\000C\000A\000C\000I\000\323\000N}{chapter.1}% 11
\BOOKMARK [2][-]{subsection.1.5.1}{\376\377\000J\000U\000S\000T\000I\000F\000I\000C\000A\000C\000I\000\323\000N\000\040\000E\000C\000O\000N\000\323\000M\000I\000C\000A}{section.1.5}% 12
\BOOKMARK [2][-]{subsection.1.5.2}{\376\377\000J\000U\000S\000T\000I\000F\000I\000C\000A\000C\000I\000\323\000N\000\040\000S\000O\000C\000I\000A\000L}{section.1.5}% 13
\BOOKMARK [2][-]{subsection.1.5.3}{\376\377\000J\000U\000S\000T\000I\000F\000I\000C\000A\000C\000I\000\323\000N\000\040\000C\000I\000E\000N\000T\000\315\000F\000I\000C\000A}{section.1.5}% 14
\BOOKMARK [1][-]{section.1.6}{\376\377\000A\000L\000C\000A\000N\000C\000E\000S\000\040\000Y\000\040\000L\000I\000M\000I\000T\000E\000S}{chapter.1}% 15
\BOOKMARK [2][-]{subsection.1.6.1}{\376\377\000A\000L\000C\000A\000N\000C\000E\000S}{section.1.6}% 16
\BOOKMARK [2][-]{subsection.1.6.2}{\376\377\000L\000I\000M\000I\000T\000E\000S}{section.1.6}% 17
\BOOKMARK [1][-]{section.1.7}{\376\377\000M\000E\000T\000O\000D\000O\000L\000O\000G\000\315\000A}{chapter.1}% 18
\BOOKMARK [0][-]{chapter.2}{\376\377\000M\000A\000R\000C\000O\000\040\000T\000E\000\323\000R\000I\000C\000O}{}% 19
\BOOKMARK [1][-]{section.2.1}{\376\377\000N\000\332\000M\000E\000R\000O\000S\000\040\000E\000N\000T\000E\000R\000O\000S}{chapter.2}% 20
\BOOKMARK [1][-]{section.2.2}{\376\377\000D\000I\000V\000I\000S\000I\000B\000I\000L\000I\000D\000A\000D}{chapter.2}% 21
\BOOKMARK [1][-]{section.2.3}{\376\377\000N\000O\000T\000A\000C\000I\000\323\000N\000\040\000B\000I\000G\000-\000O}{chapter.2}% 22
\BOOKMARK [1][-]{section.2.4}{\376\377\000A\000L\000G\000O\000R\000I\000T\000M\000O\000\040\000D\000E\000\040\000E\000U\000C\000L\000I\000D\000E\000S}{chapter.2}% 23
\BOOKMARK [1][-]{section.2.5}{\376\377\000A\000L\000G\000O\000R\000I\000T\000M\000O\000\040\000E\000X\000T\000E\000N\000D\000I\000D\000O\000\040\000D\000E\000\040\000E\000U\000C\000L\000I\000D\000E\000S}{chapter.2}% 24
\BOOKMARK [1][-]{section.2.6}{\376\377\000N\000\332\000M\000E\000R\000O\000S\000\040\000P\000R\000I\000M\000O\000S}{chapter.2}% 25
\BOOKMARK [1][-]{section.2.7}{\376\377\000T\000E\000O\000R\000E\000M\000A\000\040\000F\000U\000N\000D\000A\000M\000E\000N\000T\000A\000L\000\040\000D\000E\000\040\000L\000A\000\040\000A\000R\000I\000T\000M\000\311\000T\000I\000C\000A}{chapter.2}% 26
\BOOKMARK [1][-]{section.2.8}{\376\377\000C\000O\000N\000G\000R\000U\000E\000N\000C\000I\000A}{chapter.2}% 27
\BOOKMARK [1][-]{section.2.9}{\376\377\000D\000I\000V\000I\000S\000I\000O\000N\000E\000S\000\040\000S\000U\000C\000E\000S\000I\000V\000A\000S}{chapter.2}% 28
\BOOKMARK [1][-]{section.2.10}{\376\377\000M\000\311\000T\000O\000D\000O\000\040\000D\000E\000\040\000D\000I\000F\000E\000R\000E\000N\000C\000I\000A\000\040\000D\000E\000\040\000C\000U\000A\000D\000R\000A\000D\000O\000S\000\040\000D\000E\000\040\000F\000E\000R\000M\000A\000T}{chapter.2}% 29
\BOOKMARK [1][-]{section.2.11}{\376\377\000A\000L\000G\000O\000R\000I\000T\000M\000O\000\040\000D\000E\000\040\000F\000A\000C\000T\000O\000R\000I\000Z\000A\000C\000I\000\323\000N\000\040\000E\000N\000\040\000U\000N\000A\000\040\000L\000\315\000N\000E\000A\000\040\000D\000E\000\040\000H\000A\000R\000T}{chapter.2}% 30
\BOOKMARK [1][-]{section.2.12}{\376\377\000V\000A\000R\000I\000A\000C\000I\000\323\000N\000\040\000D\000E\000\040\000F\000E\000R\000M\000A\000T\000\040\000D\000E\000\040\000L\000E\000H\000M\000E\000R\000S}{chapter.2}% 31
\BOOKMARK [1][-]{section.2.13}{\376\377\000M\000\311\000T\000O\000D\000O\000\040\000D\000E\000\040\000P\000O\000L\000L\000A\000R\000D\000\040\000R\000H\000O}{chapter.2}% 32
\BOOKMARK [1][-]{section.2.14}{\376\377\000M\000\311\000T\000O\000D\000O\000\040\000p\000-\0001\000\040\000D\000E\000\040\000P\000O\000L\000L\000A\000R\000D}{chapter.2}% 33
\BOOKMARK [1][-]{section.2.15}{\376\377\000F\000R\000A\000C\000C\000I\000O\000N\000E\000S\000\040\000C\000O\000N\000T\000I\000N\000U\000A\000S}{chapter.2}% 34
\BOOKMARK [1][-]{section.2.16}{\376\377\000A\000L\000G\000O\000R\000I\000T\000M\000O\000\040\000D\000E\000\040\000F\000A\000C\000T\000O\000R\000I\000Z\000A\000C\000I\000\323\000N\000\040\000D\000E\000\040\000F\000R\000A\000C\000C\000I\000O\000N\000E\000S\000\040\000C\000O\000N\000T\000I\000N\000U\000A\000S}{chapter.2}% 35
\BOOKMARK [1][-]{section.2.17}{\376\377\000F\000A\000C\000T\000O\000R\000I\000Z\000A\000C\000I\000\323\000N\000\040\000C\000O\000N\000\040\000C\000U\000R\000V\000A\000S\000\040\000E\000L\000\315\000P\000T\000I\000C\000A\000S}{chapter.2}% 36
\BOOKMARK [1][-]{section.2.18}{\376\377\000M\000\311\000T\000O\000D\000O\000S\000\040\000D\000E\000\040\000C\000R\000I\000B\000A\000D\000O}{chapter.2}% 37
\BOOKMARK [2][-]{subsection.2.18.1}{\376\377\000C\000R\000I\000B\000A\000\040\000D\000E\000\040\000E\000R\000A\000T\000O\000S\000T\000E\000N\000E\000S}{section.2.18}% 38
\BOOKMARK [2][-]{subsection.2.18.2}{\376\377\000C\000R\000I\000B\000A\000\040\000C\000U\000A\000D\000R\000\301\000T\000I\000C\000A}{section.2.18}% 39
\BOOKMARK [2][-]{subsection.2.18.3}{\376\377\000C\000R\000I\000B\000A\000\040\000D\000E\000L\000\040\000C\000U\000E\000R\000P\000O\000\040\000D\000E\000\040\000N\000\332\000M\000E\000R\000O\000S}{section.2.18}% 40
\BOOKMARK [0][-]{chapter.3}{\376\377\000M\000A\000R\000C\000O\000\040\000A\000P\000L\000I\000C\000A\000T\000I\000V\000O}{}% 41
\BOOKMARK [1][-]{section.3.1}{\376\377\000A\000L\000G\000O\000R\000I\000T\000M\000O\000S\000\040\000D\000E\000\040\000F\000A\000C\000T\000O\000R\000I\000Z\000A\000C\000I\000\323\000N}{chapter.3}% 42
\BOOKMARK [2][-]{subsection.3.1.1}{\376\377\000A\000L\000G\000O\000R\000I\000T\000M\000O\000\040\000D\000E\000\040\000E\000U\000C\000L\000I\000D\000E\000S}{section.3.1}% 43
\BOOKMARK [3][-]{subsubsection.3.1.1.1}{\376\377\000I\000M\000P\000L\000E\000M\000E\000N\000T\000A\000C\000I\000\323\000N}{subsection.3.1.1}% 44
\BOOKMARK [3][-]{subsubsection.3.1.1.2}{\376\377\000E\000J\000E\000M\000P\000L\000O\000\040\000N\000\332\000M\000E\000R\000I\000C\000O}{subsection.3.1.1}% 45
\BOOKMARK [3][-]{subsubsection.3.1.1.3}{\376\377\000E\000J\000E\000M\000P\000L\000O\000\040\000D\000E\000\040\000E\000J\000E\000C\000U\000C\000I\000\323\000N}{subsection.3.1.1}% 46
\BOOKMARK [2][-]{subsection.3.1.2}{\376\377\000A\000L\000G\000O\000R\000I\000T\000M\000O\000\040\000E\000X\000T\000E\000N\000D\000I\000D\000O\000\040\000D\000E\000\040\000E\000U\000C\000L\000I\000D\000E\000S}{section.3.1}% 47
\BOOKMARK [3][-]{subsubsection.3.1.2.1}{\376\377\000I\000M\000P\000L\000E\000M\000E\000N\000T\000A\000C\000I\000\323\000N}{subsection.3.1.2}% 48
\BOOKMARK [3][-]{subsubsection.3.1.2.2}{\376\377\000E\000J\000E\000M\000P\000L\000O\000\040\000N\000\332\000M\000E\000R\000I\000C\000O}{subsection.3.1.2}% 49
\BOOKMARK [3][-]{subsubsection.3.1.2.3}{\376\377\000E\000J\000E\000M\000P\000L\000O\000\040\000D\000E\000\040\000E\000J\000E\000C\000U\000C\000I\000\323\000N}{subsection.3.1.2}% 50
\BOOKMARK [2][-]{subsection.3.1.3}{\376\377\000A\000L\000G\000O\000R\000I\000T\000M\000O\000\040\000D\000E\000\040\000E\000X\000P\000O\000N\000E\000N\000C\000I\000A\000C\000I\000\323\000N\000\040\000M\000O\000D\000U\000L\000A\000R}{section.3.1}% 51
\BOOKMARK [3][-]{subsubsection.3.1.3.1}{\376\377\000I\000M\000P\000L\000E\000M\000E\000N\000T\000A\000C\000I\000\323\000N}{subsection.3.1.3}% 52
\BOOKMARK [3][-]{subsubsection.3.1.3.2}{\376\377\000E\000J\000E\000M\000P\000L\000O\000\040\000N\000\332\000M\000E\000R\000I\000C\000O}{subsection.3.1.3}% 53
\BOOKMARK [3][-]{subsubsection.3.1.3.3}{\376\377\000E\000J\000E\000M\000P\000L\000O\000\040\000D\000E\000\040\000E\000J\000E\000C\000U\000C\000I\000\323\000N}{subsection.3.1.3}% 54
\BOOKMARK [2][-]{subsection.3.1.4}{\376\377\000A\000L\000G\000O\000R\000I\000T\000M\000O\000\040\000D\000E\000\040\000D\000I\000V\000I\000S\000I\000O\000N\000E\000S\000\040\000S\000U\000C\000E\000S\000I\000V\000A\000S}{section.3.1}% 55
\BOOKMARK [3][-]{subsubsection.3.1.4.1}{\376\377\000I\000M\000P\000L\000E\000M\000E\000N\000T\000A\000C\000I\000\323\000N}{subsection.3.1.4}% 56
\BOOKMARK [3][-]{subsubsection.3.1.4.2}{\376\377\000E\000J\000E\000M\000P\000L\000O\000\040\000N\000\332\000M\000E\000R\000I\000C\000O}{subsection.3.1.4}% 57
\BOOKMARK [3][-]{subsubsection.3.1.4.3}{\376\377\000E\000J\000E\000M\000P\000L\000O\000\040\000D\000E\000\040\000E\000J\000E\000C\000U\000C\000I\000\323\000N}{subsection.3.1.4}% 58
\BOOKMARK [2][-]{subsection.3.1.5}{\376\377\000M\000\311\000T\000O\000D\000O\000\040\000D\000E\000\040\000D\000I\000F\000E\000R\000E\000N\000C\000I\000A\000\040\000D\000E\000\040\000C\000U\000A\000D\000R\000A\000D\000O\000S\000\040\000D\000E\000\040\000F\000E\000R\000M\000A\000T}{section.3.1}% 59
\BOOKMARK [3][-]{subsubsection.3.1.5.1}{\376\377\000I\000M\000P\000L\000E\000M\000E\000N\000T\000A\000C\000I\000\323\000N}{subsection.3.1.5}% 60
\BOOKMARK [3][-]{subsubsection.3.1.5.2}{\376\377\000E\000J\000E\000M\000P\000L\000O\000\040\000N\000\332\000M\000E\000R\000I\000C\000O}{subsection.3.1.5}% 61
\BOOKMARK [3][-]{subsubsection.3.1.5.3}{\376\377\000E\000J\000E\000M\000P\000L\000O\000\040\000D\000E\000\040\000E\000J\000E\000C\000U\000C\000I\000\323\000N}{subsection.3.1.5}% 62
\BOOKMARK [2][-]{subsection.3.1.6}{\376\377\000A\000L\000G\000O\000R\000I\000T\000M\000O\000\040\000D\000E\000\040\000F\000A\000C\000T\000O\000R\000I\000Z\000A\000C\000I\000\323\000N\000\040\000E\000N\000\040\000U\000N\000A\000\040\000L\000I\000N\000E\000A\000\040\000D\000E\000\040\000H\000A\000R\000T}{section.3.1}% 63
\BOOKMARK [3][-]{subsubsection.3.1.6.1}{\376\377\000I\000M\000P\000L\000E\000M\000E\000N\000T\000A\000C\000I\000\323\000N}{subsection.3.1.6}% 64
\BOOKMARK [3][-]{subsubsection.3.1.6.2}{\376\377\000E\000J\000E\000M\000P\000L\000O\000\040\000N\000\332\000M\000E\000R\000I\000C\000O}{subsection.3.1.6}% 65
\BOOKMARK [3][-]{subsubsection.3.1.6.3}{\376\377\000E\000J\000E\000M\000P\000L\000O\000\040\000D\000E\000\040\000E\000J\000E\000C\000U\000C\000I\000\323\000N}{subsection.3.1.6}% 66
\BOOKMARK [2][-]{subsection.3.1.7}{\376\377\000M\000\311\000T\000O\000D\000O\000\040\000D\000E\000\040\000P\000O\000L\000L\000A\000R\000D\000\040\000R\000H\000O}{section.3.1}% 67
\BOOKMARK [3][-]{subsubsection.3.1.7.1}{\376\377\000I\000M\000P\000L\000E\000M\000E\000N\000T\000A\000C\000I\000\323\000N}{subsection.3.1.7}% 68
\BOOKMARK [3][-]{subsubsection.3.1.7.2}{\376\377\000E\000J\000E\000M\000P\000L\000O\000\040\000N\000\332\000M\000E\000R\000I\000C\000O}{subsection.3.1.7}% 69
\BOOKMARK [3][-]{subsubsection.3.1.7.3}{\376\377\000E\000J\000E\000M\000P\000L\000O\000\040\000D\000E\000\040\000E\000J\000E\000C\000U\000C\000I\000\323\000N}{subsection.3.1.7}% 70
\BOOKMARK [2][-]{subsection.3.1.8}{\376\377\000A\000L\000G\000O\000R\000I\000T\000M\000O\000\040\000D\000E\000\040\000F\000A\000C\000T\000O\000R\000I\000Z\000A\000C\000I\000\323\000N\000\040\000D\000E\000\040\000E\000N\000T\000E\000R\000O\000S\000\040\000D\000E\000\040\000F\000R\000A\000C\000C\000I\000O\000N\000E\000S\000\040\000C\000O\000N\000T\000I\000N\000U\000A\000S}{section.3.1}% 71
\BOOKMARK [3][-]{subsubsection.3.1.8.1}{\376\377\000I\000M\000P\000L\000E\000M\000E\000N\000T\000A\000C\000I\000\323\000N}{subsection.3.1.8}% 72
\BOOKMARK [3][-]{subsubsection.3.1.8.2}{\376\377\000E\000J\000E\000M\000P\000L\000O\000\040\000D\000E\000\040\000E\000J\000E\000C\000U\000C\000I\000\323\000N}{subsection.3.1.8}% 73
\BOOKMARK [2][-]{subsection.3.1.9}{\376\377\000A\000L\000G\000O\000R\000I\000T\000M\000O\000\040\000D\000E\000\040\000F\000A\000C\000T\000O\000R\000I\000Z\000A\000C\000I\000\323\000N\000\040\000C\000O\000N\000\040\000C\000U\000R\000V\000A\000S\000\040\000E\000L\000\315\000P\000T\000I\000C\000A\000S}{section.3.1}% 74
\BOOKMARK [3][-]{subsubsection.3.1.9.1}{\376\377\000I\000M\000P\000L\000E\000M\000E\000N\000T\000A\000C\000I\000\323\000N}{subsection.3.1.9}% 75
\BOOKMARK [3][-]{subsubsection.3.1.9.2}{\376\377\000E\000J\000E\000M\000P\000L\000O\000\040\000D\000E\000\040\000E\000J\000E\000C\000U\000C\000I\000\323\000N}{subsection.3.1.9}% 76
\BOOKMARK [2][-]{subsection.3.1.10}{\376\377\000C\000R\000I\000B\000A\000\040\000D\000E\000\040\000E\000R\000A\000T\000O\000S\000T\000E\000N\000E\000S}{section.3.1}% 77
\BOOKMARK [3][-]{subsubsection.3.1.10.1}{\376\377\000I\000M\000P\000L\000E\000M\000E\000N\000T\000A\000C\000I\000\323\000N}{subsection.3.1.10}% 78
\BOOKMARK [3][-]{subsubsection.3.1.10.2}{\376\377\000E\000J\000E\000M\000P\000L\000O\000\040\000N\000\332\000M\000E\000R\000I\000C\000O}{subsection.3.1.10}% 79
\BOOKMARK [2][-]{subsection.3.1.11}{\376\377\000C\000R\000I\000B\000A\000\040\000C\000U\000A\000D\000R\000A\000T\000I\000C\000A}{section.3.1}% 80
\BOOKMARK [3][-]{subsubsection.3.1.11.1}{\376\377\000I\000M\000P\000L\000E\000M\000E\000N\000T\000A\000C\000I\000\323\000N}{subsection.3.1.11}% 81
\BOOKMARK [3][-]{subsubsection.3.1.11.2}{\376\377\000E\000J\000E\000M\000P\000L\000O\000\040\000D\000E\000\040\000E\000J\000E\000C\000U\000C\000I\000\323\000N}{subsection.3.1.11}% 82
\BOOKMARK [0][-]{chapter.4}{\376\377\000E\000V\000A\000L\000U\000A\000C\000I\000\323\000N\000\040\000D\000E\000\040\000R\000E\000S\000U\000L\000T\000A\000D\000O\000S}{}% 83
\BOOKMARK [1][-]{section.4.1}{\376\377\000G\000E\000N\000E\000R\000A\000C\000I\000\323\000N\000\040\000D\000E\000\040\000C\000A\000S\000O\000S\000\040\000D\000E\000\040\000P\000R\000U\000E\000B\000A}{chapter.4}% 84
\BOOKMARK [1][-]{section.4.2}{\376\377\000R\000E\000C\000O\000L\000E\000C\000C\000I\000\323\000N\000\040\000D\000E\000\040\000D\000A\000T\000O\000S}{chapter.4}% 85
\BOOKMARK [1][-]{section.4.3}{\376\377\000R\000E\000S\000U\000L\000T\000A\000D\000O\000S}{chapter.4}% 86
\BOOKMARK [2][-]{subsection.4.3.1}{\376\377\000D\000I\000V\000I\000S\000I\000O\000N\000E\000S\000\040\000S\000U\000C\000E\000S\000I\000V\000A\000S}{section.4.3}% 87
\BOOKMARK [2][-]{subsection.4.3.2}{\376\377\000M\000\311\000T\000O\000D\000O\000\040\000D\000E\000\040\000D\000I\000F\000E\000R\000E\000N\000C\000I\000A\000\040\000D\000E\000\040\000C\000U\000A\000D\000R\000A\000D\000O\000S\000\040\000D\000E\000\040\000F\000E\000R\000M\000A\000T}{section.4.3}% 88
\BOOKMARK [2][-]{subsection.4.3.3}{\376\377\000A\000L\000G\000O\000R\000I\000T\000M\000O\000\040\000D\000E\000\040\000P\000O\000L\000L\000A\000R\000D\000\040\000R\000H\000O}{section.4.3}% 89
\BOOKMARK [2][-]{subsection.4.3.4}{\376\377\000M\000\311\000T\000O\000D\000O\000\040\000D\000E\000\040\000F\000A\000C\000T\000O\000R\000I\000Z\000A\000C\000I\000\323\000N\000\040\000C\000O\000N\000\040\000C\000U\000R\000V\000A\000S\000\040\000E\000L\000I\000P\000T\000I\000C\000A\000S}{section.4.3}% 90
\BOOKMARK [2][-]{subsection.4.3.5}{\376\377\000A\000L\000G\000O\000R\000I\000T\000M\000O\000\040\000D\000E\000\040\000F\000A\000C\000T\000O\000R\000I\000Z\000A\000C\000I\000\323\000N\000\040\000D\000E\000\040\000C\000R\000I\000B\000A\000\040\000C\000U\000A\000D\000R\000\301\000T\000I\000C\000A}{section.4.3}% 91
\BOOKMARK [1][-]{section.4.4}{\376\377\000D\000E\000M\000O\000S\000T\000R\000A\000C\000I\000\323\000N\000\040\000D\000E\000\040\000L\000A\000\040\000H\000I\000P\000\323\000T\000E\000S\000I\000S}{chapter.4}% 92
\BOOKMARK [0][-]{chapter.5}{\376\377\000C\000O\000N\000C\000L\000U\000S\000I\000O\000N\000E\000S\000\040\000Y\000\040\000R\000E\000C\000O\000M\000E\000N\000D\000A\000C\000I\000O\000N\000E\000S}{}% 93
\BOOKMARK [1][-]{section.5.1}{\376\377\000C\000O\000N\000C\000L\000U\000S\000I\000O\000N\000E\000S}{chapter.5}% 94
\BOOKMARK [1][-]{section.5.2}{\376\377\000R\000E\000C\000O\000M\000E\000N\000D\000A\000C\000I\000O\000N\000E\000S}{chapter.5}% 95
\BOOKMARK [0][-]{section.5.2}{\376\377\000B\000I\000B\000L\000I\000O\000G\000R\000A\000F\000\315\000A}{}% 96
